#
# A fatal error has been detected by the Java Runtime Environment:
#
#  EXCEPTION_ACCESS_VIOLATION (0xc0000005) at pc=0x000000006050e003, pid=5908, tid=0x0000000000005168
#
# JRE version: Java(TM) SE Runtime Environment (8.0_251-b08) (build 1.8.0_251-b08)
# Java VM: Java HotSpot(TM) 64-Bit Server VM (25.251-b08 mixed mode windows-amd64 compressed oops)
# Problematic frame:
# V  [jvm.dll+0xfe003]
#
# Failed to write core dump. Minidumps are not enabled by default on client versions of Windows
#
# If you would like to submit a bug report, please visit:
#   http://bugreport.java.com/bugreport/crash.jsp
#

---------------  T H R E A D  ---------------

Current thread (0x000000001cd1a000):  VMThread [stack: 0x000000001e9e0000,0x000000001eae0000] [id=20840]

siginfo: ExceptionCode=0xc0000005, reading address 0xffffffffffffffff

Registers:
RAX=0x0000000000000006, RBX=0x000000001eadf5b0, RCX=0x000000001eadf5b0, RDX=0xffffffffffffce46
RSP=0x000000001eadf360, RBP=0x000000001eadf3d0, RSI=0x000000001eadf5b0, RDI=0x0000000000000099
R8 =0x0000000000000006, R9 =0x000000001cba54a0, R10=0x03ffffffffffff39, R11=0x000000001c796bcf
R12=0x0000000000000000, R13=0x000000006050dfe0, R14=0x0000000000000367, R15=0x0000000000000001
RIP=0x000000006050e003, EFLAGS=0x0000000000010a06

Top of Stack: (sp=0x000000001eadf360)
0x000000001eadf360:   000000001eadf5b0 000000001eadf3d0
0x000000001eadf370:   0000000000000367 00000000604c26be
0x000000001eadf380:   000000001eadf5b0 000000006050fde9
0x000000001eadf390:   0000d45d3af0dfca 000000001eadf5b0
0x000000001eadf3a0:   000000001eadf5b0 000000006050f8c6
0x000000001eadf3b0:   000000001eadf420 000000001c796a6f
0x000000001eadf3c0:   0000000000000011 000000006050f8c6
0x000000001eadf3d0:   00000000000003d8 000000001cba57d8
0x000000001eadf3e0:   0000000000000000 0000000000000099
0x000000001eadf3f0:   000000001cd1a000 0000000060510874
0x000000001eadf400:   000000001eadf5b0 0000000000000000
0x000000001eadf410:   0000000000000367 0000000000000362
0x000000001eadf420:   000000001c797778 000000001cd1a000
0x000000001eadf430:   0000036a00000367 0000009900000aca
0x000000001eadf440:   000000001f980000 0000000000000099
0x000000001eadf450:   0000000000000003 00000000000003d8 

Instructions: (pc=0x000000006050e003)
0x000000006050dfe3:   83 ec 20 4c 8b 89 90 00 00 00 48 63 d2 48 8b d9
0x000000006050dff3:   0f b6 c2 4c 8b d2 24 3f 49 c1 ea 06 44 0f b6 c0
0x000000006050e003:   4b 8b 04 d1 4c 0f a3 c0 72 0f 48 83 c1 70 41 b0
0x000000006050e013:   01 e8 d7 8e 17 00 ff 43 6c 48 83 c4 20 5b c3 cc 


Register to memory mapping:

RAX=0x0000000000000006 is an unknown value
RBX=0x000000001eadf5b0 is an unknown value
RCX=0x000000001eadf5b0 is an unknown value
RDX=0xffffffffffffce46 is an unknown value
RSP=0x000000001eadf360 is an unknown value
RBP=0x000000001eadf3d0 is an unknown value
RSI=0x000000001eadf5b0 is an unknown value
RDI=0x0000000000000099 is an unknown value
R8 =0x0000000000000006 is an unknown value
R9 =0x000000001cba54a0 is an unknown value
R10=0x03ffffffffffff39 is an unknown value
R11=0x000000001c796bcf is pointing into metadata
R12=0x0000000000000000 is an unknown value
R13=0x000000006050dfe0 is an unknown value
R14=0x0000000000000367 is an unknown value
R15=0x0000000000000001 is an unknown value


Stack: [0x000000001e9e0000,0x000000001eae0000],  sp=0x000000001eadf360,  free space=1020k
Native frames: (J=compiled Java code, j=interpreted, Vv=VM code, C=native code)
V  [jvm.dll+0xfe003]
V  [jvm.dll+0xffde9]
V  [jvm.dll+0x100874]
V  [jvm.dll+0x103c54]
V  [jvm.dll+0xc51de]
V  [jvm.dll+0xc5868]
V  [jvm.dll+0xc599a]
V  [jvm.dll+0xc5b98]
V  [jvm.dll+0x10fb2a]
V  [jvm.dll+0x12d4cf]
V  [jvm.dll+0x1bf56f]
V  [jvm.dll+0x24d757]
V  [jvm.dll+0x24c9f6]
V  [jvm.dll+0x24ce91]
V  [jvm.dll+0x24d0ae]
V  [jvm.dll+0x2a001a]
C  [msvcr100.dll+0x21d9f]
C  [msvcr100.dll+0x21e3b]
C  [KERNEL32.DLL+0x17034]
C  [ntdll.dll+0x52651]

VM_Operation (0x000000001f46f580): GetOrSetLocal, mode: safepoint, requested by thread 0x000000001eb7c000


---------------  P R O C E S S  ---------------

Java Threads: ( => current thread )
  0x000000001f98b800 JavaThread "Thread-0" [_thread_blocked, id=15136, stack(0x0000000020470000,0x0000000020570000)]
  0x000000001f69d800 JavaThread "Service Thread" daemon [_thread_blocked, id=9372, stack(0x0000000020270000,0x0000000020370000)]
  0x000000001f69d000 JavaThread "C1 CompilerThread3" daemon [_thread_blocked, id=4912, stack(0x0000000020170000,0x0000000020270000)]
  0x000000001f69c000 JavaThread "C2 CompilerThread2" daemon [_thread_blocked, id=13460, stack(0x0000000020070000,0x0000000020170000)]
  0x000000001f69b800 JavaThread "C2 CompilerThread1" daemon [_thread_blocked, id=20720, stack(0x000000001ff70000,0x0000000020070000)]
  0x000000001f6fc800 JavaThread "C2 CompilerThread0" daemon [_thread_blocked, id=5796, stack(0x000000001fe70000,0x000000001ff70000)]
  0x000000001eb88800 JavaThread "JDWP Command Reader" daemon [_thread_in_native, id=18844, stack(0x000000001f570000,0x000000001f670000)]
  0x000000001eb87000 JavaThread "JDWP Event Helper Thread" daemon [_thread_blocked, id=9848, stack(0x000000001f470000,0x000000001f570000)]
  0x000000001eb7c000 JavaThread "JDWP Transport Listener: dt_socket" daemon [_thread_blocked, id=20612, stack(0x000000001f370000,0x000000001f470000)]
  0x000000001eb1d800 JavaThread "Attach Listener" daemon [_thread_blocked, id=16252, stack(0x000000001f270000,0x000000001f370000)]
  0x000000001eb78800 JavaThread "Signal Dispatcher" daemon [_thread_blocked, id=17328, stack(0x000000001f170000,0x000000001f270000)]
  0x000000001cd23000 JavaThread "Finalizer" daemon [_thread_blocked, id=1456, stack(0x000000001efe0000,0x000000001f0e0000)]
  0x00000000034ae000 JavaThread "Reference Handler" daemon [_thread_blocked, id=19108, stack(0x000000001eee0000,0x000000001efe0000)]
  0x0000000002e0b800 JavaThread "main" [_thread_in_native, id=13528, stack(0x00000000031b0000,0x00000000032b0000)]

Other Threads:
=>0x000000001cd1a000 VMThread [stack: 0x000000001e9e0000,0x000000001eae0000] [id=20840]
  0x000000001f6c3000 WatcherThread [stack: 0x0000000020370000,0x0000000020470000] [id=19508]

VM state:at safepoint (normal execution)

VM Mutex/Monitor currently owned by a thread:  ([mutex/lock_event])
[0x00000000033b2f90] Threads_lock - owner thread: 0x000000001cd1a000

heap address: 0x00000006c4800000, size: 4024 MB, Compressed Oops mode: Zero based, Oop shift amount: 3
Narrow klass base: 0x0000000000000000, Narrow klass shift: 3
Compressed class space size: 1073741824 Address: 0x00000007c0000000

Heap:
 PSYoungGen      total 75264K, used 28559K [0x000000076c300000, 0x0000000771700000, 0x00000007c0000000)
  eden space 64512K, 44% used [0x000000076c300000,0x000000076dee3c70,0x0000000770200000)
  from space 10752K, 0% used [0x0000000770c80000,0x0000000770c80000,0x0000000771700000)
  to   space 10752K, 0% used [0x0000000770200000,0x0000000770200000,0x0000000770c80000)
 ParOldGen       total 172032K, used 0K [0x00000006c4800000, 0x00000006cf000000, 0x000000076c300000)
  object space 172032K, 0% used [0x00000006c4800000,0x00000006c4800000,0x00000006cf000000)
 Metaspace       used 8990K, capacity 9212K, committed 9472K, reserved 1058816K
  class space    used 944K, capacity 1004K, committed 1024K, reserved 1048576K

Card table byte_map: [0x0000000012870000,0x0000000013050000] byte_map_base: 0x000000000f24c000

Marking Bits: (ParMarkBitMap*) 0x0000000060c3af90
 Begin Bits: [0x0000000013d90000, 0x0000000017c70000)
 End Bits:   [0x0000000017c70000, 0x000000001bb50000)

Polling page: 0x0000000002d40000

CodeCache: size=245760Kb used=2160Kb max_used=2160Kb free=243599Kb
 bounds [0x00000000034b0000, 0x0000000003720000, 0x00000000124b0000]
 total_blobs=650 nmethods=276 adapters=295
 compilation: enabled

Compilation events (10 events):
Event: 4594.329 Thread 0x000000001f69d000  276       3       org.eclipse.jdt.launching.internal.org.objectweb.asm.Handler::getExceptionTableLength (21 bytes)
Event: 4594.329 Thread 0x000000001f69d000 nmethod 276 0x0000000003699c50 code [0x0000000003699dc0, 0x0000000003699fb0]
Event: 4594.329 Thread 0x000000001f69d000  274       3       org.eclipse.jdt.launching.internal.org.objectweb.asm.SymbolTable::addConstantNameAndType (137 bytes)
Event: 4594.329 Thread 0x000000001f69d000 nmethod 274 0x0000000003698910 code [0x0000000003698b20, 0x00000000036996a8]
Event: 4594.329 Thread 0x000000001f69d000  268       3       org.eclipse.jdt.launching.internal.org.objectweb.asm.ByteVector::put122 (93 bytes)
Event: 4594.329 Thread 0x000000001f69d000 nmethod 268 0x00000000036cbf90 code [0x00000000036cc100, 0x00000000036cc3e8]
Event: 4594.329 Thread 0x000000001f69d000  272       3       org.eclipse.jdt.launching.internal.org.objectweb.asm.SymbolTable::hash (15 bytes)
Event: 4594.330 Thread 0x000000001f69d000 nmethod 272 0x00000000036cc610 code [0x00000000036cc780, 0x00000000036cca58]
Event: 4594.330 Thread 0x000000001f69d000  275       3       org.eclipse.jdt.launching.internal.org.objectweb.asm.MethodWriter::visitTypeInsn (116 bytes)
Event: 4594.330 Thread 0x000000001f69d000 nmethod 275 0x00000000036ccb90 code [0x00000000036ccd40, 0x00000000036cd328]

GC Heap History (0 events):
No events

Deoptimization events (0 events):
No events

Classes redefined (4 events):
Event: 3895.259 Thread 0x000000001cd1a000 redefined class name=PolicyServer, count=1
Event: 3895.259 Thread 0x000000001cd1a000 redefined class name=ServerReceiver, count=1
Event: 4594.312 Thread 0x000000001cd1a000 redefined class name=PolicyServer, count=2
Event: 4594.313 Thread 0x000000001cd1a000 redefined class name=ServerReceiver, count=2

Internal exceptions (10 events):
Event: 0.024 Thread 0x0000000002e0b800 Exception <a 'java/lang/NoSuchMethodError': Method sun.misc.Unsafe.defineClass(Ljava/lang/String;[BII)Ljava/lang/Class; name or signature does not match> (0x000000076c307cc0) thrown at [C:\jenkins\workspace\8-2-build-windows-amd64-cygwin\jdk8u251\737\hots
Event: 0.024 Thread 0x0000000002e0b800 Exception <a 'java/lang/NoSuchMethodError': Method sun.misc.Unsafe.prefetchRead(Ljava/lang/Object;J)V name or signature does not match> (0x000000076c307fa8) thrown at [C:\jenkins\workspace\8-2-build-windows-amd64-cygwin\jdk8u251\737\hotspot\src\share\vm\p
Event: 24.046 Thread 0x000000001f98b800 Exception <a 'java/security/PrivilegedActionException'> (0x000000076ce168a0) thrown at [C:\jenkins\workspace\8-2-build-windows-amd64-cygwin\jdk8u251\737\hotspot\src\share\vm\prims\jvm.cpp, line 1502]
Event: 24.051 Thread 0x000000001f98b800 Exception <a 'java/security/PrivilegedActionException'> (0x000000076ce16c98) thrown at [C:\jenkins\workspace\8-2-build-windows-amd64-cygwin\jdk8u251\737\hotspot\src\share\vm\prims\jvm.cpp, line 1502]
Event: 24.077 Thread 0x000000001f98b800 Exception <a 'java/security/PrivilegedActionException'> (0x000000076ce1af78) thrown at [C:\jenkins\workspace\8-2-build-windows-amd64-cygwin\jdk8u251\737\hotspot\src\share\vm\prims\jvm.cpp, line 1502]
Event: 24.078 Thread 0x000000001f98b800 Exception <a 'java/security/PrivilegedActionException'> (0x000000076ce1b370) thrown at [C:\jenkins\workspace\8-2-build-windows-amd64-cygwin\jdk8u251\737\hotspot\src\share\vm\prims\jvm.cpp, line 1502]
Event: 26.602 Thread 0x000000001f98b800 Exception <a 'java/lang/NoClassDefFoundError': com/sun/jna/Platform> (0x000000076d359510) thrown at [C:\jenkins\workspace\8-2-build-windows-amd64-cygwin\jdk8u251\737\hotspot\src\share\vm\classfile\systemDictionary.cpp, line 199]
Event: 27.380 Thread 0x000000001f98b800 Exception <a 'java/lang/NoSuchFieldError': method resolution failed> (0x000000076d48aff8) thrown at [C:\jenkins\workspace\8-2-build-windows-amd64-cygwin\jdk8u251\737\hotspot\src\share\vm\prims\methodHandles.cpp, line 1167]
Event: 27.416 Thread 0x000000001f98b800 Exception <a 'java/lang/NoSuchFieldError': method resolution failed> (0x000000076d498be8) thrown at [C:\jenkins\workspace\8-2-build-windows-amd64-cygwin\jdk8u251\737\hotspot\src\share\vm\prims\methodHandles.cpp, line 1167]
Event: 29.576 Thread 0x000000001f98b800 Exception <a 'java/lang/NoClassDefFoundError': com/sun/jna/Platform> (0x000000076d925ee0) thrown at [C:\jenkins\workspace\8-2-build-windows-amd64-cygwin\jdk8u251\737\hotspot\src\share\vm\classfile\systemDictionary.cpp, line 199]

Events (10 events):
Event: 4594.342 Executing VM operation: ChangeBreakpoints done
Event: 4594.348 Executing VM operation: ChangeBreakpoints
Event: 4594.348 Executing VM operation: ChangeBreakpoints done
Event: 4594.353 Executing VM operation: ChangeBreakpoints
Event: 4594.353 Executing VM operation: ChangeBreakpoints done
Event: 4598.079 Executing VM operation: GetOwnedMonitorInfo
Event: 4598.079 Executing VM operation: GetOwnedMonitorInfo done
Event: 4598.079 Executing VM operation: GetCurrentContendedMonitor
Event: 4598.079 Executing VM operation: GetCurrentContendedMonitor done
Event: 4598.084 Executing VM operation: GetOrSetLocal


Dynamic libraries:
0x00007ff668e90000 - 0x00007ff668ec7000 	C:\Program Files\Java\jdk1.8.0_251\bin\javaw.exe
0x00007ffe26c50000 - 0x00007ffe26e45000 	C:\WINDOWS\SYSTEM32\ntdll.dll
0x00007ffe24cb0000 - 0x00007ffe24d6d000 	C:\WINDOWS\System32\KERNEL32.DLL
0x00007ffe24960000 - 0x00007ffe24c28000 	C:\WINDOWS\System32\KERNELBASE.dll
0x00007ffe264c0000 - 0x00007ffe2656c000 	C:\WINDOWS\System32\ADVAPI32.dll
0x00007ffe26b70000 - 0x00007ffe26c0e000 	C:\WINDOWS\System32\msvcrt.dll
0x00007ffe25eb0000 - 0x00007ffe25f4b000 	C:\WINDOWS\System32\sechost.dll
0x00007ffe26110000 - 0x00007ffe2623b000 	C:\WINDOWS\System32\RPCRT4.dll
0x00007ffe24d70000 - 0x00007ffe24f10000 	C:\WINDOWS\System32\USER32.dll
0x00007ffe246c0000 - 0x00007ffe246e2000 	C:\WINDOWS\System32\win32u.dll
0x00007ffe26570000 - 0x00007ffe2659a000 	C:\WINDOWS\System32\GDI32.dll
0x00007ffe24850000 - 0x00007ffe2495b000 	C:\WINDOWS\System32\gdi32full.dll
0x00007ffe24490000 - 0x00007ffe2452d000 	C:\WINDOWS\System32\msvcp_win.dll
0x00007ffe24390000 - 0x00007ffe24490000 	C:\WINDOWS\System32\ucrtbase.dll
0x00007ffdf7fb0000 - 0x00007ffdf824a000 	C:\WINDOWS\WinSxS\amd64_microsoft.windows.common-controls_6595b64144ccf1df_6.0.19041.844_none_ca00b6081b84eb1d\COMCTL32.dll
0x00007ffe265a0000 - 0x00007ffe265d0000 	C:\WINDOWS\System32\IMM32.DLL
0x0000000060cc0000 - 0x0000000060d92000 	C:\Program Files\Java\jdk1.8.0_251\jre\bin\msvcr100.dll
0x0000000060410000 - 0x0000000060cbb000 	C:\Program Files\Java\jdk1.8.0_251\jre\bin\server\jvm.dll
0x00007ffe25650000 - 0x00007ffe25658000 	C:\WINDOWS\System32\PSAPI.DLL
0x00007ffe05e90000 - 0x00007ffe05e99000 	C:\WINDOWS\SYSTEM32\WSOCK32.dll
0x00007ffe22160000 - 0x00007ffe22187000 	C:\WINDOWS\SYSTEM32\WINMM.dll
0x00007ffe260a0000 - 0x00007ffe2610b000 	C:\WINDOWS\System32\WS2_32.dll
0x00007ffe15240000 - 0x00007ffe1524a000 	C:\WINDOWS\SYSTEM32\VERSION.dll
0x00007ffe1d300000 - 0x00007ffe1d30f000 	C:\Program Files\Java\jdk1.8.0_251\jre\bin\verify.dll
0x00007ffe1b630000 - 0x00007ffe1b659000 	C:\Program Files\Java\jdk1.8.0_251\jre\bin\java.dll
0x00007ffdf7220000 - 0x00007ffdf7255000 	C:\Program Files\Java\jdk1.8.0_251\jre\bin\jdwp.dll
0x00007ffe1b620000 - 0x00007ffe1b628000 	C:\Program Files\Java\jdk1.8.0_251\jre\bin\npt.dll
0x00007ffe050b0000 - 0x00007ffe050d3000 	C:\Program Files\Java\jdk1.8.0_251\jre\bin\instrument.dll
0x00007ffe1b550000 - 0x00007ffe1b566000 	C:\Program Files\Java\jdk1.8.0_251\jre\bin\zip.dll
0x00007ffe25680000 - 0x00007ffe25dc2000 	C:\WINDOWS\System32\SHELL32.dll
0x00007ffe22190000 - 0x00007ffe22921000 	C:\WINDOWS\SYSTEM32\windows.storage.dll
0x00007ffe25170000 - 0x00007ffe254c5000 	C:\WINDOWS\System32\combase.dll
0x00007ffe23e00000 - 0x00007ffe23e2c000 	C:\WINDOWS\SYSTEM32\Wldp.dll
0x00007ffe250c0000 - 0x00007ffe2516e000 	C:\WINDOWS\System32\SHCORE.dll
0x00007ffe26320000 - 0x00007ffe26375000 	C:\WINDOWS\System32\shlwapi.dll
0x00007ffe242d0000 - 0x00007ffe242ef000 	C:\WINDOWS\SYSTEM32\profapi.dll
0x00007ffe1b530000 - 0x00007ffe1b539000 	C:\Program Files\Java\jdk1.8.0_251\jre\bin\dt_socket.dll
0x00007ffe05ec0000 - 0x00007ffe05ed7000 	C:\WINDOWS\system32\napinsp.dll
0x00007ffe05ea0000 - 0x00007ffe05ebb000 	C:\WINDOWS\system32\pnrpnsp.dll
0x00007ffe1e990000 - 0x00007ffe1e9a5000 	C:\WINDOWS\system32\wshbth.dll
0x00007ffe1b510000 - 0x00007ffe1b52d000 	C:\WINDOWS\system32\NLAapi.dll
0x00007ffe23810000 - 0x00007ffe2384b000 	C:\WINDOWS\SYSTEM32\IPHLPAPI.DLL
0x00007ffe23b70000 - 0x00007ffe23bda000 	C:\WINDOWS\System32\mswsock.dll
0x00007ffe23860000 - 0x00007ffe2392c000 	C:\WINDOWS\SYSTEM32\DNSAPI.dll
0x00007ffe264b0000 - 0x00007ffe264b8000 	C:\WINDOWS\System32\NSI.dll
0x00007ffe05e70000 - 0x00007ffe05e82000 	C:\WINDOWS\System32\winrnr.dll
0x00007ffe10340000 - 0x00007ffe103bf000 	C:\WINDOWS\System32\fwpuclnt.dll
0x00007ffe24530000 - 0x00007ffe24557000 	C:\WINDOWS\System32\bcrypt.dll
0x00007ffe10320000 - 0x00007ffe1032a000 	C:\Windows\System32\rasadhlp.dll
0x00007ffe052a0000 - 0x00007ffe052ba000 	C:\Program Files\Java\jdk1.8.0_251\jre\bin\net.dll
0x00007ffe21f70000 - 0x00007ffe22154000 	C:\WINDOWS\SYSTEM32\dbghelp.dll
0x00007ffe24c30000 - 0x00007ffe24cb0000 	C:\WINDOWS\System32\bcryptPrimitives.dll

VM Arguments:
jvm_args: -agentlib:jdwp=transport=dt_socket,suspend=y,address=localhost:55393 -javaagent:C:\egov39\eGovFrameDev-3.9.0-64bit\eclipse\configuration\org.eclipse.osgi\418\0\.cp\lib\javaagent-shaded.jar -Dfile.encoding=UTF-8 
java_command: PolicyServer
java_class_path (initial): C:\Program Files\Java\jdk1.8.0_251\jre\lib\resources.jar;C:\Program Files\Java\jdk1.8.0_251\jre\lib\rt.jar;C:\Program Files\Java\jdk1.8.0_251\jre\lib\jsse.jar;C:\Program Files\Java\jdk1.8.0_251\jre\lib\jce.jar;C:\Program Files\Java\jdk1.8.0_251\jre\lib\charsets.jar;C:\Program Files\Java\jdk1.8.0_251\jre\lib\jfr.jar;C:\Program Files\Java\jdk1.8.0_251\jre\lib\ext\access-bridge-64.jar;C:\Program Files\Java\jdk1.8.0_251\jre\lib\ext\cldrdata.jar;C:\Program Files\Java\jdk1.8.0_251\jre\lib\ext\dnsns.jar;C:\Program Files\Java\jdk1.8.0_251\jre\lib\ext\jaccess.jar;C:\Program Files\Java\jdk1.8.0_251\jre\lib\ext\jfxrt.jar;C:\Program Files\Java\jdk1.8.0_251\jre\lib\ext\localedata.jar;C:\Program Files\Java\jdk1.8.0_251\jre\lib\ext\nashorn.jar;C:\Program Files\Java\jdk1.8.0_251\jre\lib\ext\sunec.jar;C:\Program Files\Java\jdk1.8.0_251\jre\lib\ext\sunjce_provider.jar;C:\Program Files\Java\jdk1.8.0_251\jre\lib\ext\sunmscapi.jar;C:\Program Files\Java\jdk1.8.0_251\jre\lib\ext\sunpkcs11.jar;C:\Program Files\Java\jdk1.8.0_251\jre\lib\ext\zipfs.jar;C:\egov39\eGovFrameDev-3.9.0-64bit\workspace\PolicyServer\target\classes;C:\egov39\eGovFrameDev-3.9.0-64bit\workspace\PolicyServer\lib\json-simple-1.1.1.jar;C:\egov39\eGovFrameDev-3.9.0-64bit\workspace\PolicyServer\lib\mariadb-java-client-2.6.2.jar;C:\Users\danie\.m2\repository\egovframework\rte\egovframework.rte.ptl.mvc\3.9.0\egovframework.rte.ptl.mvc-3.9.0.jar;C:\Users\danie\.m2\repository\egovframework\rte\egovframework.rte.fdl.cmmn\3.9.0\egovframework.rte.fdl.cmmn-3.9.0.jar;C:\Users\danie\.m2\repository\org\springframework\spring-context-support\4.3.22.RELEASE\spring-context-support-4.3.22.RELEASE.jar;C:\Users\danie\.m2\repository\org\springframework\spring-tx\4.3.22.RELEASE\spring-tx-4.3.22.RELEASE.jar;C:\Users\danie\.m2\repository\org\aspectj\aspectjweaver\1.8.14\aspectjweaver-1.8.14.jar;C:\Users\danie\.m2\repository\org\apache\commons\commons-lang3\3.3.2\commons-lang3-3.3.2.jar;C:\Users\danie\.m2\repository\o
Launcher Type: SUN_STANDARD

Environment Variables:
PATH=C:\Program Files\Java\jdk1.8.0_251\jre\bin;C:/Program Files/Java/jdk-11.0.9.101/bin/client;C:/Program Files/Java/jdk-11.0.9.101/bin;C:\Program Files\Java\jdk-11.0.9.101\bin;C:\Program Files (x86)\Common Files\Oracle\Java\javapath;C:\WINDOWS\system32;C:\WINDOWS;C:\WINDOWS\System32\Wbem;C:\WINDOWS\System32\WindowsPowerShell\v1.0\;C:\WINDOWS\System32\OpenSSH\;C:\Program Files (x86)\PuTTY\;C:\Program Files (x86)\Microsoft SQL Server\150\DTS\Binn\;C:\Program Files\Microsoft SQL Server\130\Tools\Binn\;C:\Program Files\dotnet\;C:\Program Files\Git\cmd;C:\Program Files\MySQL\MySQL Shell 8.0\bin\;C:\Users\danie\AppData\Local\Microsoft\WindowsApps;C:\Users\danie\.dotnet\tools;;C:\egov39\eGovFrameDev-3.9.0-64bit\eclipse;
USERNAME=danie
OS=Windows_NT
PROCESSOR_IDENTIFIER=Intel64 Family 6 Model 142 Stepping 12, GenuineIntel



---------------  S Y S T E M  ---------------

OS: Windows 10.0 , 64 bit Build 19041 (10.0.19041.928)

CPU:total 8 (initial active 8) (4 cores per cpu, 2 threads per core) family 6 model 142 stepping 12, cmov, cx8, fxsr, mmx, sse, sse2, sse3, ssse3, sse4.1, sse4.2, popcnt, avx, avx2, aes, clmul, erms, 3dnowpref, lzcnt, ht, tsc, tscinvbit, bmi1, bmi2, adx

Memory: 4k page, physical 16474784k(8978956k free), swap 23552672k(8224096k free)

vm_info: Java HotSpot(TM) 64-Bit Server VM (25.251-b08) for windows-amd64 JRE (1.8.0_251-b08), built on Mar 12 2020 06:31:49 by "" with MS VC++ 10.0 (VS2010)

time: Mon Nov 08 12:55:22 2021
timezone: 대한민국 표준시
elapsed time: 4598 seconds (0d 1h 16m 38s)

